2025-10-23 15:12:29 info: [WebServer] Initialized.
2025-10-23 15:17:38 info: [WebServer] Initialized.
2025-10-23 15:17:38 info: [WebServer] Server listening on port 3000
2025-10-23 15:17:38 info: [WebServer] A client connected:
2025-10-23 15:17:38 info: [WebServer] Master Node has connected.
2025-10-23 15:24:43 info: [WebServer] A client connected:
2025-10-23 15:24:43 info: [WebServer] Master Node has connected.
2025-10-23 15:30:52 info: data to UI:
2025-10-23 15:30:53 info: data to UI:
2025-10-23 15:30:53 info: data to UI:
2025-10-23 15:30:53 info: data to UI:
2025-10-23 15:30:55 info: data to UI:
2025-10-23 15:30:56 info: data to UI:
2025-10-23 15:30:57 info: data to UI:
2025-10-23 15:30:59 info: data to UI:
2025-10-23 15:30:59 info: data to UI:
2025-10-23 15:31:01 info: data to UI:
2025-10-23 15:31:01 info: data to UI:
2025-10-23 15:36:49 info: [WebServer] Initialized.
2025-10-23 15:36:49 info: [WebServer] Server listening on port 3000
2025-10-23 15:36:51 info: [WebServer] A client connected:
2025-10-23 15:36:51 info: [WebServer] Master Node has connected.
2025-10-23 15:36:52 info: [WebServer] A client connected:
2025-10-23 15:36:52 info: [WebServer] Master Node has connected.
2025-10-23 15:36:57 info: [WebServer] A client connected:
2025-10-23 15:36:57 info: [WebServer] Master Node has connected.
2025-10-23 15:37:08 info: data to UI:
2025-10-23 15:37:09 info: data to UI:
2025-10-23 15:37:10 info: data to UI:
2025-10-23 15:37:10 info: data to UI:
2025-10-23 15:37:11 info: data to UI:
2025-10-23 15:37:13 info: data to UI:
2025-10-23 15:37:14 info: data to UI:
2025-10-23 15:37:15 info: data to UI:
2025-10-23 15:37:17 info: data to UI:
2025-10-23 15:37:18 info: data to UI:
2025-10-23 15:37:19 info: data to UI:
2025-10-23 15:37:20 info: data to UI:
2025-10-23 15:37:21 info: data to UI:
2025-10-23 15:37:23 info: data to UI:
2025-10-23 15:37:24 info: data to UI:
2025-10-23 15:37:25 info: data to UI:
2025-10-23 15:37:26 info: data to UI:
2025-10-23 15:37:27 info: data to UI:
2025-10-23 15:37:28 info: [WebServer] Master Node has disconnected.
2025-10-23 15:37:28 info: [WebServer] A client connected:
2025-10-23 15:37:28 info: [WebServer] Master Node has connected.
2025-10-23 15:37:28 info: data to UI:
2025-10-23 15:37:30 info: data to UI:
2025-10-23 15:37:30 info: data to UI:
2025-10-23 15:37:33 info: data to UI:
2025-10-23 15:37:33 info: data to UI:
2025-10-23 15:37:34 info: data to UI:
2025-10-23 15:37:35 info: data to UI:
2025-10-23 15:37:36 info: data to UI:
2025-10-23 15:37:37 info: data to UI:
2025-10-23 15:37:39 info: data to UI:
2025-10-23 15:37:41 info: data to UI:
2025-10-23 15:37:41 info: data to UI:
2025-10-23 15:37:43 info: data to UI:
2025-10-23 15:37:44 info: data to UI:
2025-10-23 15:37:45 info: data to UI:
2025-10-23 15:37:45 info: data to UI:
2025-10-23 15:37:46 info: data to UI:
2025-10-23 15:37:49 info: data to UI:
2025-10-23 15:37:51 info: data to UI:
2025-10-23 15:37:51 info: data to UI:
2025-10-23 15:37:52 info: data to UI:
2025-10-23 15:37:53 info: data to UI:
2025-10-23 15:37:53 info: data to UI:
2025-10-23 15:37:57 info: data to UI:
2025-10-23 15:37:57 info: data to UI:
2025-10-23 15:37:57 info: data to UI:
2025-10-23 15:37:58 info: data to UI:
2025-10-23 15:38:02 info: data to UI:
2025-10-23 15:38:02 info: data to UI:
2025-10-23 15:38:03 info: data to UI:
2025-10-23 15:38:03 info: data to UI:
2025-10-23 15:38:04 info: data to UI:
2025-10-23 15:38:05 info: data to UI:
2025-10-23 15:38:08 info: data to UI:
2025-10-23 15:38:09 info: data to UI:
2025-10-23 15:38:10 info: data to UI:
2025-10-23 15:38:12 info: data to UI:
2025-10-23 15:38:12 info: data to UI:
2025-10-23 15:38:13 info: data to UI:
2025-10-23 15:38:13 info: data to UI:
2025-10-23 15:38:15 info: data to UI:
2025-10-23 15:38:19 info: data to UI:
2025-10-23 15:38:19 info: data to UI:
2025-10-23 15:38:19 info: data to UI:
2025-10-23 15:38:20 info: data to UI:
2025-10-23 15:38:21 info: data to UI:
2025-10-23 15:38:23 info: data to UI:
2025-10-23 15:38:24 info: data to UI:
2025-10-23 15:38:26 info: data to UI:
2025-10-23 15:38:27 info: data to UI:
2025-10-23 15:38:27 info: data to UI:
2025-10-23 15:38:28 info: data to UI:
2025-10-23 15:38:30 info: data to UI:
2025-10-23 15:38:32 info: data to UI:
2025-10-23 15:38:33 info: data to UI:
2025-10-23 15:38:34 info: data to UI:
2025-10-23 15:38:35 info: data to UI:
2025-10-23 15:38:35 info: data to UI:
2025-10-23 15:38:35 info: data to UI:
2025-10-23 15:38:39 info: data to UI:
2025-10-23 15:38:40 info: data to UI:
2025-10-23 15:38:40 info: data to UI:
2025-10-23 15:38:43 info: data to UI:
2025-10-23 15:38:43 info: data to UI:
2025-10-23 15:38:44 info: data to UI:
2025-10-23 15:38:46 info: data to UI:
2025-10-23 15:38:46 info: data to UI:
2025-10-23 15:38:46 info: data to UI:
2025-10-23 15:38:50 info: data to UI:
2025-10-23 15:38:51 info: data to UI:
2025-10-23 15:38:52 info: data to UI:
2025-10-23 15:38:52 info: data to UI:
2025-10-23 15:38:53 info: data to UI:
2025-10-23 15:38:53 info: data to UI:
2025-10-23 15:38:57 info: data to UI:
2025-10-23 15:38:58 info: data to UI:
2025-10-23 15:38:58 info: data to UI:
2025-10-23 15:39:00 info: data to UI:
2025-10-23 15:39:01 info: data to UI:
2025-10-23 15:39:02 info: data to UI:
2025-10-23 15:39:03 info: data to UI:
2025-10-23 15:39:04 info: data to UI:
2025-10-23 15:39:06 info: data to UI:
2025-10-23 15:39:07 info: data to UI:
2025-10-23 15:39:08 info: data to UI:
2025-10-23 15:39:09 info: data to UI:
2025-10-23 15:39:10 info: data to UI:
2025-10-23 15:39:13 info: data to UI:
2025-10-23 15:39:13 info: data to UI:
2025-10-23 15:39:13 info: data to UI:
2025-10-23 15:39:14 info: data to UI:
2025-10-23 15:39:16 info: data to UI:
2025-10-23 15:39:17 info: data to UI:
2025-10-23 15:39:18 info: data to UI:
2025-10-23 15:39:21 info: data to UI:
2025-10-23 15:39:21 info: data to UI:
2025-10-23 15:39:22 info: data to UI:
2025-10-23 15:39:23 info: data to UI:
2025-10-23 15:39:24 info: data to UI:
2025-10-23 15:39:26 info: data to UI:
2025-10-23 15:39:28 info: data to UI:
2025-10-23 15:39:28 info: data to UI:
2025-10-23 15:39:29 info: data to UI:
2025-10-23 15:39:29 info: data to UI:
2025-10-23 15:39:33 info: data to UI:
2025-10-23 15:39:34 info: data to UI:
2025-10-23 15:39:34 info: data to UI:
2025-10-23 15:39:35 info: data to UI:
2025-10-23 15:39:35 info: data to UI:
2025-10-23 15:39:36 info: data to UI:
2025-10-23 15:39:40 info: data to UI:
2025-10-23 15:39:40 info: data to UI:
2025-10-23 15:39:41 info: data to UI:
2025-10-23 15:39:43 info: data to UI:
2025-10-23 15:39:43 info: data to UI:
2025-10-23 15:39:44 info: data to UI:
2025-10-23 15:39:46 info: data to UI:
2025-10-23 15:39:46 info: data to UI:
2025-10-23 15:39:48 info: data to UI:
2025-10-23 15:39:51 info: data to UI:
2025-10-23 15:39:51 info: data to UI:
2025-10-23 15:39:52 info: data to UI:
2025-10-23 15:39:52 info: data to UI:
2025-10-23 15:39:53 info: data to UI:
2025-10-23 15:39:55 info: data to UI:
2025-10-23 15:39:56 info: data to UI:
2025-10-23 15:39:58 info: data to UI:
2025-10-23 15:39:59 info: data to UI:
2025-10-23 15:39:59 info: data to UI:
2025-10-23 15:40:02 info: data to UI:
2025-10-23 15:40:02 info: data to UI:
2025-10-23 15:40:03 info: data to UI:
2025-10-23 15:40:04 info: data to UI:
2025-10-23 15:40:07 info: data to UI:
2025-10-23 15:40:07 info: data to UI:
2025-10-23 15:40:08 info: data to UI:
2025-10-23 15:40:09 info: data to UI:
2025-10-23 15:40:10 info: data to UI:
2025-10-23 15:40:13 info: data to UI:
2025-10-23 15:40:13 info: data to UI:
2025-10-23 15:40:15 info: data to UI:
2025-10-23 15:40:16 info: data to UI:
2025-10-23 15:40:16 info: data to UI:
2025-10-23 15:40:16 info: data to UI:
2025-10-23 15:40:18 info: data to UI:
2025-10-23 15:40:22 info: data to UI:
2025-10-23 15:40:23 info: data to UI:
2025-10-23 15:40:23 info: data to UI:
2025-10-23 15:40:23 info: data to UI:
2025-10-23 15:40:24 info: data to UI:
2025-10-23 15:40:25 info: data to UI:
2025-10-23 15:40:29 info: data to UI:
2025-10-23 15:40:29 info: data to UI:
2025-10-23 15:40:30 info: data to UI:
2025-10-23 15:40:30 info: data to UI:
2025-10-23 15:40:33 info: data to UI:
2025-10-23 15:40:33 info: data to UI:
2025-10-23 15:40:34 info: data to UI:
2025-10-23 15:40:35 info: data to UI:
2025-10-23 15:40:37 info: data to UI:
2025-10-23 15:40:38 info: data to UI:
2025-10-23 15:40:40 info: data to UI:
2025-10-23 15:40:41 info: data to UI:
2025-10-23 15:40:41 info: data to UI:
2025-10-23 15:40:43 info: data to UI:
2025-10-23 15:40:43 info: data to UI:
2025-10-23 15:40:45 info: data to UI:
2025-10-23 15:40:45 info: data to UI:
2025-10-23 15:40:47 info: data to UI:
2025-10-23 15:40:50 info: data to UI:
2025-10-23 15:40:50 info: data to UI:
2025-10-23 15:40:51 info: data to UI:
2025-10-23 15:40:53 info: data to UI:
2025-10-23 15:40:53 info: data to UI:
2025-10-23 15:40:53 info: data to UI:
2025-10-23 15:40:56 info: data to UI:
2025-10-23 15:40:57 info: data to UI:
2025-10-23 15:40:58 info: data to UI:
2025-10-23 15:40:59 info: data to UI:
2025-10-23 15:41:01 info: data to UI:
2025-10-23 15:41:02 info: data to UI:
2025-10-23 15:41:03 info: data to UI:
2025-10-23 15:41:04 info: data to UI:
2025-10-23 15:41:05 info: data to UI:
2025-10-23 15:41:07 info: data to UI:
2025-10-23 15:41:07 info: data to UI:
2025-10-23 15:41:08 info: data to UI:
2025-10-23 15:41:11 info: data to UI:
2025-10-23 15:41:11 info: data to UI:
2025-10-23 15:41:12 info: data to UI:
2025-10-23 15:41:13 info: data to UI:
2025-10-23 15:41:15 info: data to UI:
2025-10-23 15:41:16 info: data to UI:
2025-10-23 15:41:17 info: data to UI:
2025-10-23 15:41:18 info: data to UI:
2025-10-23 15:41:18 info: data to UI:
2025-10-23 15:41:23 info: data to UI:
2025-10-23 15:41:23 info: data to UI:
2025-10-23 15:41:23 info: data to UI:
2025-10-23 15:41:24 info: data to UI:
2025-10-23 15:41:24 info: data to UI:
2025-10-23 15:41:25 info: data to UI:
2025-10-23 15:41:29 info: data to UI:
2025-10-23 15:41:29 info: data to UI:
2025-10-23 15:41:31 info: data to UI:
2025-10-23 15:41:32 info: data to UI:
2025-10-23 15:41:32 info: data to UI:
2025-10-23 15:41:33 info: data to UI:
2025-10-23 15:41:34 info: data to UI:
2025-10-23 15:41:35 info: data to UI:
2025-10-23 15:41:39 info: data to UI:
2025-10-23 15:41:39 info: data to UI:
2025-10-23 15:41:40 info: data to UI:
2025-10-23 15:41:40 info: data to UI:
2025-10-23 15:41:41 info: data to UI:
2025-10-23 15:41:43 info: data to UI:
2025-10-23 15:41:45 info: data to UI:
2025-10-23 15:41:46 info: data to UI:
2025-10-23 15:41:47 info: data to UI:
2025-10-23 15:41:47 info: data to UI:
2025-10-23 15:41:49 info: data to UI:
2025-10-23 15:41:50 info: data to UI:
2025-10-23 15:41:52 info: data to UI:
2025-10-23 15:41:53 info: data to UI:
2025-10-23 15:41:53 info: data to UI:
2025-10-23 15:41:54 info: data to UI:
2025-10-23 15:41:56 info: data to UI:
2025-10-23 15:41:57 info: data to UI:
2025-10-23 15:41:59 info: data to UI:
2025-10-23 15:41:59 info: data to UI:
2025-10-23 15:42:01 info: data to UI:
2025-10-23 15:42:02 info: data to UI:
2025-10-23 15:42:03 info: data to UI:
2025-10-23 15:42:05 info: data to UI:
2025-10-23 15:42:06 info: data to UI:
2025-10-23 15:42:06 info: data to UI:
2025-10-23 15:42:07 info: data to UI:
2025-10-23 15:42:10 info: data to UI:
2025-10-23 15:42:11 info: data to UI:
2025-10-23 15:42:12 info: data to UI:
2025-10-23 15:42:13 info: data to UI:
2025-10-23 15:42:13 info: data to UI:
2025-10-23 15:42:14 info: data to UI:
2025-10-23 15:42:17 info: data to UI:
2025-10-23 15:42:17 info: data to UI:
2025-10-23 15:42:17 info: data to UI:
2025-10-23 15:42:20 info: data to UI:
2025-10-23 15:42:22 info: data to UI:
2025-10-23 15:42:23 info: data to UI:
2025-10-23 15:42:23 info: data to UI:
2025-10-23 15:42:23 info: data to UI:
2025-10-23 15:42:25 info: data to UI:
2025-10-23 15:42:26 info: data to UI:
2025-10-23 15:42:43 info: data to UI:
2025-10-23 15:42:44 info: data to UI:
2025-10-23 15:42:44 info: data to UI:
2025-10-23 15:42:45 info: data to UI:
2025-10-23 15:42:48 info: data to UI:
2025-10-23 15:42:48 info: data to UI:
2025-10-23 15:42:48 info: data to UI:
2025-10-23 15:42:49 info: data to UI:
2025-10-23 15:42:49 info: data to UI:
2025-10-23 15:42:52 info: data to UI:
2025-10-23 15:42:52 info: data to UI:
2025-10-23 15:42:53 info: data to UI:
2025-10-23 15:42:54 info: data to UI:
2025-10-23 15:42:57 info: data to UI:
2025-10-23 15:42:57 info: data to UI:
2025-10-23 15:42:58 info: data to UI:
2025-10-23 15:42:58 info: data to UI:
2025-10-23 15:42:59 info: data to UI:
2025-10-23 15:42:59 info: data to UI:
2025-10-23 15:43:01 info: data to UI:
2025-10-23 15:43:02 info: data to UI:
2025-10-23 15:43:04 info: data to UI:
2025-10-23 15:43:04 info: data to UI:
2025-10-23 15:43:06 info: data to UI:
2025-10-23 15:43:06 info: data to UI:
2025-10-23 15:43:07 info: data to UI:
2025-10-23 15:43:09 info: data to UI:
2025-10-23 15:43:09 info: data to UI:
2025-10-23 15:43:10 info: data to UI:
2025-10-23 15:43:10 info: data to UI:
2025-10-23 15:43:11 info: data to UI:
2025-10-23 15:43:13 info: data to UI:
2025-10-23 15:43:55 info: data to UI:
2025-10-23 15:43:56 info: data to UI:
2025-10-23 15:43:58 info: data to UI:
2025-10-23 15:43:58 info: data to UI:
2025-10-23 15:43:58 info: data to UI:
2025-10-23 15:43:59 info: data to UI:
2025-10-23 15:44:00 info: data to UI:
2025-10-23 15:44:01 info: data to UI:
2025-10-23 15:44:04 info: data to UI:
2025-10-23 15:44:05 info: data to UI:
2025-10-23 15:44:05 info: data to UI:
2025-10-23 15:44:06 info: data to UI:
2025-10-23 15:44:06 info: data to UI:
2025-10-23 15:44:08 info: data to UI:
2025-10-23 15:44:10 info: data to UI:
2025-10-23 15:44:11 info: data to UI:
2025-10-23 15:44:12 info: data to UI:
2025-10-23 15:44:13 info: data to UI:
2025-10-23 15:44:13 info: data to UI:
2025-10-23 15:44:15 info: data to UI:
2025-10-23 15:44:17 info: data to UI:
2025-10-23 15:44:17 info: data to UI:
2025-10-23 15:44:20 info: data to UI:
2025-10-23 15:44:20 info: data to UI:
2025-10-23 15:44:20 info: data to UI:
2025-10-23 15:44:21 info: data to UI:
2025-10-23 15:44:22 info: data to UI:
2025-10-23 15:44:23 info: data to UI:
2025-10-23 15:44:26 info: data to UI:
2025-10-23 15:44:27 info: data to UI:
2025-10-23 15:44:28 info: data to UI:
2025-10-23 15:44:28 info: data to UI:
2025-10-23 15:44:30 info: data to UI:
2025-10-23 15:44:30 info: data to UI:
2025-10-23 15:44:31 info: data to UI:
2025-10-23 15:44:32 info: data to UI:
2025-10-23 15:44:34 info: data to UI:
2025-10-23 15:44:35 info: data to UI:
2025-10-23 15:44:35 info: data to UI:
2025-10-23 15:44:38 info: data to UI:
2025-10-23 15:44:39 info: data to UI:
2025-10-23 15:44:39 info: data to UI:
2025-10-23 15:44:40 info: data to UI:
2025-10-23 15:44:42 info: data to UI:
2025-10-23 15:44:42 info: data to UI:
2025-10-23 15:44:43 info: data to UI:
2025-10-23 15:44:43 info: data to UI:
2025-10-23 15:44:47 info: data to UI:
2025-10-23 15:44:48 info: data to UI:
2025-10-23 15:44:48 info: data to UI:
2025-10-23 15:44:50 info: data to UI:
2025-10-23 15:44:50 info: data to UI:
2025-10-23 15:44:50 info: data to UI:
2025-10-23 15:44:52 info: data to UI:
2025-10-23 15:44:52 info: data to UI:
2025-10-23 15:45:05 info: data to UI:
2025-10-23 15:45:06 info: data to UI:
2025-10-23 15:45:07 info: data to UI:
2025-10-23 15:45:07 info: data to UI:
2025-10-23 15:45:09 info: data to UI:
2025-10-23 15:45:09 info: data to UI:
2025-10-23 15:45:10 info: data to UI:
2025-10-23 15:45:11 info: data to UI:
2025-10-23 15:45:12 info: data to UI:
2025-10-23 15:45:13 info: data to UI:
2025-10-23 15:45:14 info: data to UI:
2025-10-23 15:45:14 info: data to UI:
2025-10-23 15:45:17 info: data to UI:
2025-10-23 15:45:18 info: data to UI:
2025-10-23 15:45:18 info: data to UI:
2025-10-23 15:45:19 info: data to UI:
2025-10-23 15:45:19 info: data to UI:
2025-10-23 15:45:20 info: data to UI:
2025-10-23 15:45:43 info: data to UI:
2025-10-23 15:45:44 info: data to UI:
2025-10-23 15:45:44 info: data to UI:
2025-10-23 15:45:45 info: data to UI:
2025-10-23 15:45:45 info: data to UI:
2025-10-23 15:45:46 info: data to UI:
2025-10-23 15:45:51 info: data to UI:
2025-10-23 15:45:51 info: data to UI:
2025-10-23 15:45:51 info: data to UI:
2025-10-23 15:45:54 info: data to UI:
2025-10-23 15:45:54 info: data to UI:
2025-10-23 15:45:56 info: data to UI:
2025-10-23 15:46:33 info: data to UI:
2025-10-23 15:46:34 info: data to UI:
2025-10-23 15:46:35 info: data to UI:
2025-10-23 15:46:35 info: data to UI:
2025-10-23 15:46:35 info: data to UI:
2025-10-23 15:46:38 info: data to UI:
2025-10-23 15:46:38 info: data to UI:
2025-10-23 15:46:40 info: data to UI:
2025-10-23 15:46:42 info: data to UI:
2025-10-23 15:46:43 info: data to UI:
2025-10-23 15:46:43 info: data to UI:
2025-10-23 15:46:43 info: data to UI:
2025-10-23 15:46:46 info: data to UI:
2025-10-23 15:46:46 info: data to UI:
2025-10-23 15:48:25 info: [WebServer] Initialized.
2025-10-23 15:48:25 info: [WebServer] Server listening on port 3000
2025-10-23 15:48:26 info: [WebServer] A client connected:
2025-10-23 15:48:26 info: [WebServer] Master Node has connected.
2025-10-23 15:48:35 info: [WebServer] A client connected:
2025-10-23 15:48:35 info: [WebServer] Master Node has connected.
2025-10-23 15:48:46 info: data to UI: [object Object]
2025-10-23 15:48:48 info: data to UI: [object Object]
2025-10-23 15:48:48 info: data to UI: [object Object]
2025-10-23 15:48:50 info: data to UI: [object Object]
2025-10-23 15:48:50 info: data to UI: [object Object]
2025-10-23 15:48:51 info: data to UI: [object Object]
2025-10-23 15:48:52 info: data to UI: [object Object]
2025-10-23 15:48:54 info: data to UI: [object Object]
2025-10-23 15:48:54 info: data to UI: [object Object]
2025-10-23 15:48:54 info: data to UI: [object Object]
2025-10-23 15:48:56 info: [WebServer] A client connected:
2025-10-23 15:48:56 info: [WebServer] Master Node has connected.
2025-10-23 15:48:58 info: data to UI: [object Object]
2025-10-23 15:48:59 info: data to UI: [object Object]
2025-10-23 15:48:59 info: data to UI: [object Object]
2025-10-23 15:49:00 info: data to UI: [object Object]
2025-10-23 15:49:00 info: data to UI: [object Object]
2025-10-23 15:49:02 info: data to UI: [object Object]
2025-10-23 15:49:03 info: data to UI: [object Object]
2025-10-23 15:49:06 info: data to UI: [object Object]
2025-10-23 15:49:06 info: data to UI: [object Object]
2025-10-23 15:49:06 info: data to UI: [object Object]
2025-10-23 15:49:07 info: data to UI: [object Object]
2025-10-23 15:49:08 info: data to UI: [object Object]
2025-10-23 15:49:11 info: data to UI: [object Object]
2025-10-23 15:49:12 info: data to UI: [object Object]
2025-10-23 15:49:12 info: data to UI: [object Object]
2025-10-23 15:49:12 info: data to UI: [object Object]
2025-10-23 15:49:14 info: data to UI: [object Object]
2025-10-23 15:49:15 info: data to UI: [object Object]
2025-10-23 15:49:16 info: data to UI: [object Object]
2025-10-23 15:49:17 info: data to UI: [object Object]
2025-10-23 15:49:18 info: data to UI: [object Object]
2025-10-23 15:49:20 info: data to UI: [object Object]
2025-10-23 15:49:22 info: data to UI: [object Object]
2025-10-23 15:49:22 info: data to UI: [object Object]
2025-10-23 15:49:23 info: data to UI: [object Object]
2025-10-23 15:49:24 info: data to UI: [object Object]
2025-10-23 15:49:24 info: data to UI: [object Object]
2025-10-23 15:49:25 info: data to UI: [object Object]
2025-10-23 15:49:28 info: data to UI: [object Object]
2025-10-23 15:49:29 info: data to UI: [object Object]
2025-10-23 15:49:30 info: data to UI: [object Object]
2025-10-23 15:49:30 info: data to UI: [object Object]
2025-10-23 15:49:32 info: data to UI: [object Object]
2025-10-23 15:49:32 info: data to UI: [object Object]
2025-10-23 15:49:34 info: data to UI: [object Object]
2025-10-23 15:49:35 info: data to UI: [object Object]
2025-10-23 15:49:36 info: data to UI: [object Object]
2025-10-23 15:49:36 info: data to UI: [object Object]
2025-10-23 15:49:38 info: data to UI: [object Object]
2025-10-23 15:49:42 info: [WebServer] Initialized.
2025-10-23 15:49:42 info: [WebServer] Server listening on port 3000
2025-10-23 15:49:42 info: [WebServer] A client connected:
2025-10-23 15:49:42 info: [WebServer] Master Node has connected.
2025-10-23 15:49:42 info: [WebServer] A client connected:
2025-10-23 15:49:42 info: [WebServer] Master Node has connected.
2025-10-23 15:49:42 info: [WebServer] A client connected:
2025-10-23 15:49:42 info: [WebServer] Master Node has connected.
2025-10-23 15:49:42 info: data to UI: {"slaveIp":"192.168.1.10","handler":"humidity","value":93.72,"timestamp":"2025-10-23T10:19:41.056Z"}
2025-10-23 15:49:42 info: data to UI: {"slaveIp":"192.168.1.10","handler":"pressure","value":66.17,"timestamp":"2025-10-23T10:19:41.661Z"}
2025-10-23 15:49:42 info: data to UI: {"slaveIp":"192.168.1.10","handler":"temperature","value":51.75,"timestamp":"2025-10-23T10:19:42.038Z"}
2025-10-23 15:49:42 info: data to UI: {"slaveIp":"192.168.1.10","status":"online","timestamp":"2025-10-23T10:19:42.486Z"}
2025-10-23 15:49:42 info: data to UI: {"slaveIp":"192.168.1.10","handler":"light","value":3.05,"timestamp":"2025-10-23T10:19:42.811Z"}
2025-10-23 15:49:45 info: data to UI: {"slaveIp":"192.168.1.10","handler":"humidity","value":41.67,"timestamp":"2025-10-23T10:19:45.252Z"}
2025-10-23 15:49:46 info: data to UI: {"slaveIp":"192.168.1.10","handler":"vibration","value":8.73,"timestamp":"2025-10-23T10:19:46.604Z"}
2025-10-23 15:49:47 info: data to UI: {"slaveIp":"192.168.1.10","handler":"pressure","value":64.78,"timestamp":"2025-10-23T10:19:47.585Z"}
2025-10-23 15:49:48 info: data to UI: {"slaveIp":"192.168.1.10","handler":"temperature","value":33.68,"timestamp":"2025-10-23T10:19:48.005Z"}
2025-10-23 15:49:49 info: data to UI: {"slaveIp":"192.168.1.10","handler":"humidity","value":30.29,"timestamp":"2025-10-23T10:19:49.436Z"}
2025-10-23 15:49:51 info: data to UI: {"slaveIp":"192.168.1.10","handler":"light","value":30.02,"timestamp":"2025-10-23T10:19:51.439Z"}
2025-10-23 15:49:52 info: data to UI: {"slaveIp":"192.168.1.10","status":"online","timestamp":"2025-10-23T10:19:52.500Z"}
2025-10-23 15:49:53 info: data to UI: {"slaveIp":"192.168.1.10","handler":"pressure","value":51.34,"timestamp":"2025-10-23T10:19:53.498Z"}
2025-10-23 15:49:53 info: data to UI: {"slaveIp":"192.168.1.10","handler":"humidity","value":4.6,"timestamp":"2025-10-23T10:19:53.622Z"}
2025-10-23 15:49:53 info: data to UI: {"slaveIp":"192.168.1.10","handler":"temperature","value":71.21,"timestamp":"2025-10-23T10:19:53.966Z"}
2025-10-23 15:49:54 info: data to UI: {"slaveIp":"192.168.1.10","handler":"vibration","value":22.29,"timestamp":"2025-10-23T10:19:54.619Z"}
2025-10-23 15:49:57 info: data to UI: {"slaveIp":"192.168.1.10","handler":"humidity","value":57.03,"timestamp":"2025-10-23T10:19:57.805Z"}
2025-10-23 15:49:59 info: data to UI: {"slaveIp":"192.168.1.10","handler":"pressure","value":47.75,"timestamp":"2025-10-23T10:19:59.415Z"}
2025-10-23 15:49:59 info: data to UI: {"slaveIp":"192.168.1.10","handler":"temperature","value":27.93,"timestamp":"2025-10-23T10:19:59.928Z"}
2025-10-23 15:50:00 info: data to UI: {"slaveIp":"192.168.1.10","handler":"light","value":65.77,"timestamp":"2025-10-23T10:20:00.066Z"}
2025-10-23 17:22:34 info: [WebServer] Initialized.
2025-10-23 17:22:34 info: [WebServer] Server listening on port 3000
2025-10-23 17:22:37 info: [WebServer] A client connected:
2025-10-23 17:22:37 info: [WebServer] Master Node has connected.
2025-10-23 17:22:56 info: [WebServer] A client connected:
2025-10-23 17:22:56 info: [WebServer] Master Node has connected.
2025-10-23 17:23:41 info: data to UI: {"slaveIp":"192.168.1.10","handler":"light","value":61.91,"timestamp":"2025-10-23T11:53:41.221Z"}
2025-10-23 17:23:42 info: data to UI: {"slaveIp":"192.168.1.10","handler":"pressure","value":50.23,"timestamp":"2025-10-23T11:53:42.478Z"}
2025-10-23 17:23:42 info: data to UI: {"slaveIp":"192.168.1.10","handler":"humidity","value":21.4,"timestamp":"2025-10-23T11:53:42.480Z"}
2025-10-23 17:23:42 info: data to UI: {"slaveIp":"192.168.1.10","handler":"temperature","value":21.03,"timestamp":"2025-10-23T11:53:42.758Z"}
2025-10-23 17:23:43 info: data to UI: {"slaveIp":"192.168.1.10","handler":"vibration","value":30.71,"timestamp":"2025-10-23T11:53:43.691Z"}
2025-10-23 17:23:45 info: data to UI: {"slaveIp":"192.168.1.10","handler":"light","value":70.58,"timestamp":"2025-10-23T11:53:45.551Z"}
2025-10-23 17:23:46 info: data to UI: {"slaveIp":"192.168.1.10","status":"online","timestamp":"2025-10-23T11:53:46.899Z"}
2025-10-23 17:23:48 info: data to UI: {"slaveIp":"192.168.1.10","handler":"pressure","value":10.23,"timestamp":"2025-10-23T11:53:48.067Z"}
2025-10-23 17:23:48 info: data to UI: {"slaveIp":"192.168.1.10","handler":"humidity","value":20.66,"timestamp":"2025-10-23T11:53:48.083Z"}
2025-10-23 17:23:48 info: data to UI: {"slaveIp":"192.168.1.10","handler":"temperature","value":50.41,"timestamp":"2025-10-23T11:53:48.614Z"}
2025-10-23 17:23:49 info: data to UI: {"slaveIp":"192.168.1.10","handler":"light","value":78.81,"timestamp":"2025-10-23T11:53:49.889Z"}
2025-10-23 17:23:50 info: data to UI: {"slaveIp":"192.168.1.10","handler":"vibration","value":32.06,"timestamp":"2025-10-23T11:53:50.495Z"}
2025-10-23 17:23:53 info: data to UI: {"slaveIp":"192.168.1.10","handler":"pressure","value":75.89,"timestamp":"2025-10-23T11:53:53.649Z"}
2025-10-23 17:23:53 info: data to UI: {"slaveIp":"192.168.1.10","handler":"humidity","value":88.04,"timestamp":"2025-10-23T11:53:53.679Z"}
2025-10-23 17:23:54 info: data to UI: {"slaveIp":"192.168.1.10","handler":"light","value":68.21,"timestamp":"2025-10-23T11:53:54.219Z"}
2025-10-23 17:23:54 info: data to UI: {"slaveIp":"192.168.1.10","handler":"temperature","value":18.69,"timestamp":"2025-10-23T11:53:54.480Z"}
2025-10-23 17:23:56 info: data to UI: {"slaveIp":"192.168.1.10","status":"online","timestamp":"2025-10-23T11:53:56.914Z"}
2025-10-23 17:23:57 info: data to UI: {"slaveIp":"192.168.1.10","handler":"vibration","value":23.57,"timestamp":"2025-10-23T11:53:57.301Z"}
2025-10-23 17:23:58 info: data to UI: {"slaveIp":"192.168.1.10","handler":"light","value":9.74,"timestamp":"2025-10-23T11:53:58.544Z"}
2025-10-23 17:23:59 info: data to UI: {"slaveIp":"192.168.1.10","handler":"pressure","value":17.64,"timestamp":"2025-10-23T11:53:59.228Z"}
2025-10-23 17:23:59 info: data to UI: {"slaveIp":"192.168.1.10","handler":"humidity","value":72.97,"timestamp":"2025-10-23T11:53:59.275Z"}
2025-10-23 17:24:00 info: data to UI: {"slaveIp":"192.168.1.10","handler":"temperature","value":38.49,"timestamp":"2025-10-23T11:54:00.343Z"}
2025-10-23 17:24:02 info: data to UI: {"slaveIp":"192.168.1.10","handler":"light","value":39.31,"timestamp":"2025-10-23T11:54:02.873Z"}
2025-10-23 17:24:04 info: data to UI: {"slaveIp":"192.168.1.10","handler":"vibration","value":50.63,"timestamp":"2025-10-23T11:54:04.099Z"}
2025-10-23 17:24:04 info: data to UI: {"slaveIp":"192.168.1.10","handler":"pressure","value":64.4,"timestamp":"2025-10-23T11:54:04.811Z"}
2025-10-23 17:24:04 info: data to UI: {"slaveIp":"192.168.1.10","handler":"humidity","value":67.2,"timestamp":"2025-10-23T11:54:04.873Z"}
2025-10-23 17:24:06 info: data to UI: {"slaveIp":"192.168.1.10","handler":"temperature","value":50.41,"timestamp":"2025-10-23T11:54:06.211Z"}
2025-10-23 17:24:06 info: data to UI: {"slaveIp":"192.168.1.10","status":"online","timestamp":"2025-10-23T11:54:06.923Z"}
2025-10-23 17:24:07 info: data to UI: {"slaveIp":"192.168.1.10","handler":"light","value":94.24,"timestamp":"2025-10-23T11:54:07.202Z"}
2025-10-23 17:24:10 info: data to UI: {"slaveIp":"192.168.1.10","handler":"pressure","value":51.64,"timestamp":"2025-10-23T11:54:10.390Z"}
2025-10-23 17:24:10 info: data to UI: {"slaveIp":"192.168.1.10","handler":"humidity","value":64.76,"timestamp":"2025-10-23T11:54:10.467Z"}
2025-10-23 17:24:10 info: data to UI: {"slaveIp":"192.168.1.10","handler":"vibration","value":50.37,"timestamp":"2025-10-23T11:54:10.902Z"}
2025-10-23 17:24:11 info: data to UI: {"slaveIp":"192.168.1.10","handler":"light","value":25.3,"timestamp":"2025-10-23T11:54:11.538Z"}
2025-10-23 17:24:12 info: data to UI: {"slaveIp":"192.168.1.10","handler":"temperature","value":43.43,"timestamp":"2025-10-23T11:54:12.080Z"}
2025-10-23 17:24:15 info: data to UI: {"slaveIp":"192.168.1.10","handler":"light","value":65.25,"timestamp":"2025-10-23T11:54:15.861Z"}
2025-10-23 17:24:15 info: data to UI: {"slaveIp":"192.168.1.10","handler":"pressure","value":91.69,"timestamp":"2025-10-23T11:54:15.969Z"}
2025-10-23 17:24:16 info: data to UI: {"slaveIp":"192.168.1.10","handler":"humidity","value":61.1,"timestamp":"2025-10-23T11:54:16.063Z"}
2025-10-23 17:24:16 info: data to UI: {"slaveIp":"192.168.1.10","status":"online","timestamp":"2025-10-23T11:54:16.933Z"}
2025-10-23 17:24:17 info: data to UI: {"slaveIp":"192.168.1.10","handler":"vibration","value":69.24,"timestamp":"2025-10-23T11:54:17.700Z"}
2025-10-23 17:24:17 info: data to UI: {"slaveIp":"192.168.1.10","handler":"temperature","value":68.3,"timestamp":"2025-10-23T11:54:17.947Z"}
2025-10-23 17:24:20 info: data to UI: {"slaveIp":"192.168.1.10","handler":"light","value":41.08,"timestamp":"2025-10-23T11:54:20.194Z"}
2025-10-23 17:24:21 info: data to UI: {"slaveIp":"192.168.1.10","handler":"pressure","value":83.54,"timestamp":"2025-10-23T11:54:21.548Z"}
2025-10-23 17:24:21 info: data to UI: {"slaveIp":"192.168.1.10","handler":"humidity","value":29.79,"timestamp":"2025-10-23T11:54:21.657Z"}
2025-10-23 17:24:23 info: data to UI: {"slaveIp":"192.168.1.10","handler":"temperature","value":18.63,"timestamp":"2025-10-23T11:54:23.807Z"}
2025-10-23 17:24:24 info: data to UI: {"slaveIp":"192.168.1.10","handler":"vibration","value":21.16,"timestamp":"2025-10-23T11:54:24.506Z"}
2025-10-23 17:24:24 info: data to UI: {"slaveIp":"192.168.1.10","handler":"light","value":26.29,"timestamp":"2025-10-23T11:54:24.521Z"}
2025-10-23 17:24:26 info: data to UI: {"slaveIp":"192.168.1.10","status":"online","timestamp":"2025-10-23T11:54:26.946Z"}
2025-10-23 17:24:27 info: data to UI: {"slaveIp":"192.168.1.10","handler":"pressure","value":87.12,"timestamp":"2025-10-23T11:54:27.134Z"}
2025-10-23 17:24:27 info: data to UI: {"slaveIp":"192.168.1.10","handler":"humidity","value":38.02,"timestamp":"2025-10-23T11:54:27.256Z"}
2025-10-23 17:24:28 info: data to UI: {"slaveIp":"192.168.1.10","handler":"light","value":83.77,"timestamp":"2025-10-23T11:54:28.854Z"}
2025-10-23 17:24:29 info: data to UI: {"slaveIp":"192.168.1.10","handler":"temperature","value":93.36,"timestamp":"2025-10-23T11:54:29.672Z"}
2025-10-23 17:24:31 info: data to UI: {"slaveIp":"192.168.1.10","handler":"vibration","value":81.1,"timestamp":"2025-10-23T11:54:31.303Z"}
2025-10-23 17:24:32 info: data to UI: {"slaveIp":"192.168.1.10","handler":"pressure","value":91.3,"timestamp":"2025-10-23T11:54:32.714Z"}
2025-10-23 17:24:32 info: data to UI: {"slaveIp":"192.168.1.10","handler":"humidity","value":17.35,"timestamp":"2025-10-23T11:54:32.854Z"}
2025-10-23 17:24:33 info: data to UI: {"slaveIp":"192.168.1.10","handler":"light","value":81.21,"timestamp":"2025-10-23T11:54:33.180Z"}
2025-10-23 17:24:34 info: [WebServer] Master Node has disconnected.
2025-10-23 17:24:35 info: [WebServer] A client connected:
2025-10-23 17:24:35 info: [WebServer] Master Node has connected.
2025-10-23 17:24:35 info: data to UI: {"slaveIp":"192.168.1.10","handler":"temperature","value":60.51,"timestamp":"2025-10-23T11:54:35.536Z"}
2025-10-23 17:24:36 info: data to UI: {"slaveIp":"192.168.1.10","status":"online","timestamp":"2025-10-23T11:54:36.960Z"}
2025-10-23 17:24:37 info: data to UI: {"slaveIp":"192.168.1.10","handler":"light","value":84.27,"timestamp":"2025-10-23T11:54:37.516Z"}
2025-10-23 17:24:38 info: data to UI: {"slaveIp":"192.168.1.10","handler":"vibration","value":54.51,"timestamp":"2025-10-23T11:54:38.103Z"}
2025-10-23 17:24:38 info: data to UI: {"slaveIp":"192.168.1.10","handler":"pressure","value":22.54,"timestamp":"2025-10-23T11:54:38.305Z"}
2025-10-23 17:24:38 info: data to UI: {"slaveIp":"192.168.1.10","handler":"humidity","value":88.66,"timestamp":"2025-10-23T11:54:38.457Z"}
2025-10-23 17:24:41 info: data to UI: {"slaveIp":"192.168.1.10","handler":"temperature","value":27.6,"timestamp":"2025-10-23T11:54:41.392Z"}
2025-10-23 17:24:41 info: data to UI: {"slaveIp":"192.168.1.10","handler":"light","value":80.55,"timestamp":"2025-10-23T11:54:41.844Z"}
2025-10-23 17:24:43 info: data to UI: {"slaveIp":"192.168.1.10","handler":"pressure","value":50.21,"timestamp":"2025-10-23T11:54:43.893Z"}
2025-10-23 17:24:44 info: data to UI: {"slaveIp":"192.168.1.10","handler":"humidity","value":54.51,"timestamp":"2025-10-23T11:54:44.063Z"}
2025-10-23 17:24:44 info: data to UI: {"slaveIp":"192.168.1.10","handler":"vibration","value":76.26,"timestamp":"2025-10-23T11:54:44.901Z"}
2025-10-23 17:24:46 info: data to UI: {"slaveIp":"192.168.1.10","handler":"light","value":19.02,"timestamp":"2025-10-23T11:54:46.170Z"}
2025-10-23 17:24:46 info: data to UI: {"slaveIp":"192.168.1.10","status":"online","timestamp":"2025-10-23T11:54:46.961Z"}
2025-10-23 17:24:47 info: data to UI: {"slaveIp":"192.168.1.10","handler":"temperature","value":41.64,"timestamp":"2025-10-23T11:54:47.254Z"}
2025-10-23 17:24:49 info: data to UI: {"slaveIp":"192.168.1.10","handler":"pressure","value":16.59,"timestamp":"2025-10-23T11:54:49.471Z"}
2025-10-23 17:24:49 info: data to UI: {"slaveIp":"192.168.1.10","handler":"humidity","value":10.38,"timestamp":"2025-10-23T11:54:49.657Z"}
2025-10-23 17:24:50 info: data to UI: {"slaveIp":"192.168.1.10","handler":"light","value":33.49,"timestamp":"2025-10-23T11:54:50.499Z"}
2025-10-23 17:24:51 info: data to UI: {"slaveIp":"192.168.1.10","handler":"vibration","value":21.63,"timestamp":"2025-10-23T11:54:51.699Z"}
2025-10-23 17:24:53 info: data to UI: {"slaveIp":"192.168.1.10","handler":"temperature","value":42.22,"timestamp":"2025-10-23T11:54:53.123Z"}
2025-10-23 17:24:54 info: data to UI: {"slaveIp":"192.168.1.10","handler":"light","value":82.31,"timestamp":"2025-10-23T11:54:54.827Z"}
2025-10-23 17:24:55 info: data to UI: {"slaveIp":"192.168.1.10","handler":"pressure","value":6.75,"timestamp":"2025-10-23T11:54:55.058Z"}
2025-10-23 17:24:55 info: data to UI: {"slaveIp":"192.168.1.10","handler":"humidity","value":99.61,"timestamp":"2025-10-23T11:54:55.256Z"}
2025-10-23 17:24:56 info: data to UI: {"slaveIp":"192.168.1.10","status":"online","timestamp":"2025-10-23T11:54:56.966Z"}
2025-10-23 17:24:58 info: data to UI: {"slaveIp":"192.168.1.10","handler":"vibration","value":10.26,"timestamp":"2025-10-23T11:54:58.501Z"}
2025-10-23 17:24:58 info: data to UI: {"slaveIp":"192.168.1.10","handler":"temperature","value":3.43,"timestamp":"2025-10-23T11:54:58.981Z"}
2025-10-23 17:24:59 info: data to UI: {"slaveIp":"192.168.1.10","handler":"light","value":84.91,"timestamp":"2025-10-23T11:54:59.151Z"}
2025-10-23 17:25:00 info: data to UI: {"slaveIp":"192.168.1.10","handler":"pressure","value":91.67,"timestamp":"2025-10-23T11:55:00.642Z"}
2025-10-23 17:25:00 info: data to UI: {"slaveIp":"192.168.1.10","handler":"humidity","value":0.04,"timestamp":"2025-10-23T11:55:00.858Z"}
2025-10-23 17:25:03 info: data to UI: {"slaveIp":"192.168.1.10","handler":"light","value":43.67,"timestamp":"2025-10-23T11:55:03.485Z"}
2025-10-23 17:25:04 info: data to UI: {"slaveIp":"192.168.1.10","handler":"temperature","value":47.06,"timestamp":"2025-10-23T11:55:04.850Z"}
2025-10-23 17:25:05 info: data to UI: {"slaveIp":"192.168.1.10","handler":"vibration","value":57.95,"timestamp":"2025-10-23T11:55:05.301Z"}
2025-10-23 17:53:02 info: [WebServer] Initialized.
2025-10-23 17:53:02 info: [WebServer] Server listening on port 3000
2025-10-23 17:53:03 info: [WebServer] A client connected:
2025-10-23 17:53:03 info: [WebServer] Master Node has connected.
2025-10-23 17:57:03 info: [WebServer] Master Node has disconnected.
2025-10-23 17:57:48 info: [WebServer] A client connected:
2025-10-23 17:57:48 info: [WebServer] Master Node has connected.
